<?xml version="1.0" encoding="UTF-8"?>
<!-- Generated by org.testng.reporters.JUnitXMLReporter -->
<testsuite hostname="Hazem" ignored="0" name="Surefire test" tests="4" failures="0" timestamp="23 مار 2019 14:11:50 GMT" time="0.049" errors="0">
  <testcase name="Sum" time="0.014" classname="Elemnus.BasicTest"/>
  <testcase name="Multi" time="0.014" classname="Elemnus.BasicTest"/>
  <testcase name="Minus" time="0.014" classname="Elemnus.BasicTest"/>
  <testcase name="Divide" time="0.014" classname="Elemnus.BasicTest"/>
</testsuite> <!-- Surefire test -->
